This file contains any messages produced by compilers while
running configure, to aid debugging if configure makes a mistake.

It was created by TRE configure 0.8.0, which was
generated by GNU Autoconf 2.61.  Invocation command line was

  $ ./configure --disable-agrep --disable-shared --disable-system-abi --disable-wchar --disable-multibyte --prefix=/home/cganas/work/ForAllSecure/live-challenges-2015/forensics/unreal/target/Unreal3.2.10.4/extras/regexp

## --------- ##
## Platform. ##
## --------- ##

hostname = macbox
uname -m = x86_64
uname -r = 3.16.7.3-1-MANJARO
uname -s = Linux
uname -v = #1 SMP PREEMPT Fri Dec 19 18:34:00 UTC 2014

/usr/bin/uname -p = unknown
/bin/uname -X     = unknown

/bin/arch              = unknown
/usr/bin/arch -k       = unknown
/usr/convex/getsysinfo = unknown
/usr/bin/hostinfo      = unknown
/bin/machine           = unknown
/usr/bin/oslevel       = unknown
/bin/universe          = unknown

PATH: /usr/local/sbin
PATH: /usr/local/bin
PATH: /usr/bin
PATH: /usr/lib/jvm/default/bin
PATH: /usr/bin/site_perl
PATH: /usr/bin/vendor_perl
PATH: /usr/bin/core_perl


## ----------- ##
## Core tests. ##
## ----------- ##

configure:2011: checking build system type
configure:2029: result: x86_64-unknown-linux-gnu
configure:2051: checking host system type
configure:2066: result: x86_64-unknown-linux-gnu
configure:2088: checking target system type
configure:2103: result: x86_64-unknown-linux-gnu
configure:2146: checking for a BSD-compatible install
configure:2202: result: /usr/bin/install -c
configure:2213: checking whether build environment is sane
configure:2256: result: yes
configure:2284: checking for a thread-safe mkdir -p
configure:2323: result: /usr/bin/mkdir -p
configure:2336: checking for gawk
configure:2352: found /usr/bin/gawk
configure:2363: result: gawk
configure:2374: checking whether make sets $(MAKE)
configure:2395: result: yes
configure:2634: checking for gcc
configure:2650: found /usr/bin/gcc
configure:2661: result: gcc
configure:2899: checking for C compiler version
configure:2906: gcc --version >&5
gcc (GCC) 4.9.2
Copyright (C) 2014 Free Software Foundation, Inc.
This is free software; see the source for copying conditions.  There is NO
warranty; not even for MERCHANTABILITY or FITNESS FOR A PARTICULAR PURPOSE.

configure:2909: $? = 0
configure:2916: gcc -v >&5
Using built-in specs.
COLLECT_GCC=gcc
COLLECT_LTO_WRAPPER=/usr/lib/gcc/x86_64-unknown-linux-gnu/4.9.2/lto-wrapper
Target: x86_64-unknown-linux-gnu
Configured with: /build/gcc-multilib/src/gcc-4.9.2/configure --prefix=/usr --libdir=/usr/lib --libexecdir=/usr/lib --mandir=/usr/share/man --infodir=/usr/share/info --with-bugurl=https://bugs.archlinux.org/ --enable-languages=c,c++,ada,fortran,go,lto,objc,obj-c++ --enable-shared --enable-threads=posix --with-system-zlib --enable-__cxa_atexit --disable-libunwind-exceptions --enable-clocale=gnu --disable-libstdcxx-pch --disable-libssp --enable-gnu-unique-object --enable-linker-build-id --enable-cloog-backend=isl --enable-lto --enable-plugin --enable-install-libiberty --with-linker-hash-style=gnu --enable-multilib --disable-werror --enable-checking=release
Thread model: posix
gcc version 4.9.2 (GCC) 
configure:2919: $? = 0
configure:2926: gcc -V >&5
gcc: error: unrecognized command line option '-V'
gcc: fatal error: no input files
compilation terminated.
configure:2929: $? = 1
configure:2952: checking for C compiler default output file name
configure:2979: gcc    conftest.c  >&5
configure:2982: $? = 0
configure:3020: result: a.out
configure:3037: checking whether the C compiler works
configure:3047: ./a.out
configure:3050: $? = 0
configure:3067: result: yes
configure:3074: checking whether we are cross compiling
configure:3076: result: no
configure:3079: checking for suffix of executables
configure:3086: gcc -o conftest    conftest.c  >&5
configure:3089: $? = 0
configure:3113: result: 
configure:3119: checking for suffix of object files
configure:3145: gcc -c   conftest.c >&5
configure:3148: $? = 0
configure:3171: result: o
configure:3175: checking whether we are using the GNU C compiler
configure:3204: gcc -c   conftest.c >&5
configure:3210: $? = 0
configure:3227: result: yes
configure:3232: checking whether gcc accepts -g
configure:3262: gcc -c -g  conftest.c >&5
configure:3268: $? = 0
configure:3367: result: yes
configure:3384: checking for gcc option to accept ISO C89
configure:3458: gcc  -c -g -O2  conftest.c >&5
configure:3464: $? = 0
configure:3487: result: none needed
configure:3516: checking for style of include used by make
configure:3544: result: GNU
configure:3569: checking dependency style of gcc
configure:3660: result: gcc3
configure:3680: checking how to run the C preprocessor
configure:3720: gcc -E  conftest.c
configure:3726: $? = 0
configure:3757: gcc -E  conftest.c
conftest.c:10:28: fatal error: ac_nonexistent.h: No such file or directory
 #include <ac_nonexistent.h>
                            ^
compilation terminated.
configure:3763: $? = 1
configure: failed program was:
| /* confdefs.h.  */
| #define PACKAGE_NAME "TRE"
| #define PACKAGE_TARNAME "tre"
| #define PACKAGE_VERSION "0.8.0"
| #define PACKAGE_STRING "TRE 0.8.0"
| #define PACKAGE_BUGREPORT "tre-general@lists.laurikari.net"
| #define PACKAGE "tre"
| #define VERSION "0.8.0"
| /* end confdefs.h.  */
| #include <ac_nonexistent.h>
configure:3796: result: gcc -E
configure:3825: gcc -E  conftest.c
configure:3831: $? = 0
configure:3862: gcc -E  conftest.c
conftest.c:10:28: fatal error: ac_nonexistent.h: No such file or directory
 #include <ac_nonexistent.h>
                            ^
compilation terminated.
configure:3868: $? = 1
configure: failed program was:
| /* confdefs.h.  */
| #define PACKAGE_NAME "TRE"
| #define PACKAGE_TARNAME "tre"
| #define PACKAGE_VERSION "0.8.0"
| #define PACKAGE_STRING "TRE 0.8.0"
| #define PACKAGE_BUGREPORT "tre-general@lists.laurikari.net"
| #define PACKAGE "tre"
| #define VERSION "0.8.0"
| /* end confdefs.h.  */
| #include <ac_nonexistent.h>
configure:3918: checking for a BSD-compatible install
configure:3974: result: /usr/bin/install -c
configure:3986: checking whether gcc and cc understand -c and -o together
configure:4021: gcc -c conftest.c -o conftest2.o >&5
configure:4024: $? = 0
configure:4030: gcc -c conftest.c -o conftest2.o >&5
configure:4033: $? = 0
configure:4044: cc -c conftest.c >&5
configure:4047: $? = 0
configure:4055: cc -c conftest.c -o conftest2.o >&5
configure:4058: $? = 0
configure:4064: cc -c conftest.c -o conftest2.o >&5
configure:4067: $? = 0
configure:4085: result: yes
configure:4222: checking for C compiler warning flags
configure:4315: result: -Wall
configure:4387: checking for an ANSI C-conforming const
configure:4462: gcc -c -g -O2 -Wall  conftest.c >&5
conftest.c: In function 'main':
conftest.c:45:7: warning: 't' is used uninitialized in this function [-Wuninitialized]
     *t++ = 0;
       ^
conftest.c:67:13: warning: 'cs[0]' is used uninitialized in this function [-Wuninitialized]
   return !cs[0] && !zero.x;
             ^
configure:4468: $? = 0
configure:4483: result: yes
configure:4493: checking for inline
configure:4519: gcc -c -g -O2 -Wall  conftest.c >&5
configure:4525: $? = 0
configure:4543: result: inline
configure:4569: checking for grep that handles long lines and -e
configure:4643: result: /usr/bin/grep
configure:4648: checking for egrep
configure:4726: result: /usr/bin/grep -E
configure:4731: checking for ANSI C header files
configure:4761: gcc -c -g -O2 -Wall  conftest.c >&5
configure:4767: $? = 0
configure:4866: gcc -o conftest -g -O2 -Wall   conftest.c  >&5
configure:4869: $? = 0
configure:4875: ./conftest
configure:4878: $? = 0
configure:4895: result: yes
configure:4930: checking for sys/types.h
configure:4951: gcc -c -g -O2 -Wall  conftest.c >&5
configure:4957: $? = 0
configure:4973: result: yes
configure:4930: checking for sys/stat.h
configure:4951: gcc -c -g -O2 -Wall  conftest.c >&5
configure:4957: $? = 0
configure:4973: result: yes
configure:4930: checking for stdlib.h
configure:4951: gcc -c -g -O2 -Wall  conftest.c >&5
configure:4957: $? = 0
configure:4973: result: yes
configure:4930: checking for string.h
configure:4951: gcc -c -g -O2 -Wall  conftest.c >&5
configure:4957: $? = 0
configure:4973: result: yes
configure:4930: checking for memory.h
configure:4951: gcc -c -g -O2 -Wall  conftest.c >&5
configure:4957: $? = 0
configure:4973: result: yes
configure:4930: checking for strings.h
configure:4951: gcc -c -g -O2 -Wall  conftest.c >&5
configure:4957: $? = 0
configure:4973: result: yes
configure:4930: checking for inttypes.h
configure:4951: gcc -c -g -O2 -Wall  conftest.c >&5
configure:4957: $? = 0
configure:4973: result: yes
configure:4930: checking for stdint.h
configure:4951: gcc -c -g -O2 -Wall  conftest.c >&5
configure:4957: $? = 0
configure:4973: result: yes
configure:4930: checking for unistd.h
configure:4951: gcc -c -g -O2 -Wall  conftest.c >&5
configure:4957: $? = 0
configure:4973: result: yes
configure:4987: checking for working alloca.h
configure:5014: gcc -o conftest -g -O2 -Wall   conftest.c  >&5
configure:5020: $? = 0
configure:5037: result: yes
configure:5047: checking for alloca
configure:5094: gcc -o conftest -g -O2 -Wall   conftest.c  >&5
configure:5100: $? = 0
configure:5117: result: yes
configure:5863: checking for isascii
configure:5919: gcc -o conftest -g -O2 -Wall   conftest.c  >&5
conftest.c:54:6: warning: conflicting types for built-in function 'isascii'
 char isascii ();
      ^
configure:5925: $? = 0
configure:5943: result: yes
configure:5863: checking for isblank
configure:5919: gcc -o conftest -g -O2 -Wall   conftest.c  >&5
conftest.c:55:6: warning: conflicting types for built-in function 'isblank'
 char isblank ();
      ^
configure:5925: $? = 0
configure:5943: result: yes
configure:5969: checking getopt.h usability
configure:5986: gcc -c -g -O2 -Wall  conftest.c >&5
configure:5992: $? = 0
configure:6006: result: yes
configure:6010: checking getopt.h presence
configure:6025: gcc -E  conftest.c
configure:6031: $? = 0
configure:6045: result: yes
configure:6078: checking for getopt.h
configure:6086: result: yes
configure:6103: checking for getopt_long
configure:6159: gcc -o conftest -g -O2 -Wall   conftest.c  >&5
configure:6165: $? = 0
configure:6183: result: yes
configure:7612: checking for special C compiler options needed for large files
configure:7705: result: no
configure:7711: checking for _FILE_OFFSET_BITS value needed for large files
configure:7746: gcc -c -g -O2 -Wall  conftest.c >&5
configure:7752: $? = 0
configure:7820: result: no
configure:7957: checking whether NLS is requested
configure:7966: result: yes
configure:8007: checking for msgfmt
configure: trying /usr/bin/msgfmt...
0 translated messages.
configure:8039: result: /usr/bin/msgfmt
configure:8048: checking for gmsgfmt
configure:8079: result: /usr/bin/msgfmt
configure:8130: checking for xgettext
configure: trying /usr/bin/xgettext...
/usr/bin/xgettext: warning: file '/dev/null' extension '' is unknown; will try C
configure:8162: result: /usr/bin/xgettext
configure:8208: checking for msgmerge
configure: trying /usr/bin/msgmerge...
configure:8239: result: /usr/bin/msgmerge
configure:8296: checking for ld used by GCC
configure:8360: result: /usr/bin/ld
configure:8369: checking if the linker (/usr/bin/ld) is GNU ld
configure:8382: result: yes
configure:8389: checking for shared library run path origin
configure:8402: result: done
configure:8903: checking for CFPreferencesCopyAppValue
configure:8931: gcc -o conftest -g -O2 -Wall   conftest.c  -Wl,-framework -Wl,CoreFoundation >&5
conftest.c:35:42: fatal error: CoreFoundation/CFPreferences.h: No such file or directory
 #include <CoreFoundation/CFPreferences.h>
                                          ^
compilation terminated.
configure:8937: $? = 1
configure: failed program was:
| /* confdefs.h.  */
| #define PACKAGE_NAME "TRE"
| #define PACKAGE_TARNAME "tre"
| #define PACKAGE_VERSION "0.8.0"
| #define PACKAGE_STRING "TRE 0.8.0"
| #define PACKAGE_BUGREPORT "tre-general@lists.laurikari.net"
| #define PACKAGE "tre"
| #define VERSION "0.8.0"
| #define TRE_VERSION "0.8.0"
| #define TRE_VERSION_1 0
| #define TRE_VERSION_2 8
| #define TRE_VERSION_3 0
| #define NDEBUG 1
| #define TRE_APPROX 1
| #define _GNU_SOURCE 1
| #define STDC_HEADERS 1
| #define HAVE_SYS_TYPES_H 1
| #define HAVE_SYS_STAT_H 1
| #define HAVE_STDLIB_H 1
| #define HAVE_STRING_H 1
| #define HAVE_MEMORY_H 1
| #define HAVE_STRINGS_H 1
| #define HAVE_INTTYPES_H 1
| #define HAVE_STDINT_H 1
| #define HAVE_UNISTD_H 1
| #define HAVE_ALLOCA_H 1
| #define HAVE_ALLOCA 1
| #define TRE_USE_ALLOCA 1
| #define TRE_REGEX_T_FIELD value
| #define HAVE_ISASCII 1
| #define HAVE_ISBLANK 1
| #define HAVE_GETOPT_H 1
| #define HAVE_GETOPT_LONG 1
| /* end confdefs.h.  */
| #include <CoreFoundation/CFPreferences.h>
| int
| main ()
| {
| CFPreferencesCopyAppValue(NULL, NULL)
|   ;
|   return 0;
| }
configure:8955: result: no
configure:8964: checking for CFLocaleCopyCurrent
configure:8992: gcc -o conftest -g -O2 -Wall   conftest.c  -Wl,-framework -Wl,CoreFoundation >&5
conftest.c:35:37: fatal error: CoreFoundation/CFLocale.h: No such file or directory
 #include <CoreFoundation/CFLocale.h>
                                     ^
compilation terminated.
configure:8998: $? = 1
configure: failed program was:
| /* confdefs.h.  */
| #define PACKAGE_NAME "TRE"
| #define PACKAGE_TARNAME "tre"
| #define PACKAGE_VERSION "0.8.0"
| #define PACKAGE_STRING "TRE 0.8.0"
| #define PACKAGE_BUGREPORT "tre-general@lists.laurikari.net"
| #define PACKAGE "tre"
| #define VERSION "0.8.0"
| #define TRE_VERSION "0.8.0"
| #define TRE_VERSION_1 0
| #define TRE_VERSION_2 8
| #define TRE_VERSION_3 0
| #define NDEBUG 1
| #define TRE_APPROX 1
| #define _GNU_SOURCE 1
| #define STDC_HEADERS 1
| #define HAVE_SYS_TYPES_H 1
| #define HAVE_SYS_STAT_H 1
| #define HAVE_STDLIB_H 1
| #define HAVE_STRING_H 1
| #define HAVE_MEMORY_H 1
| #define HAVE_STRINGS_H 1
| #define HAVE_INTTYPES_H 1
| #define HAVE_STDINT_H 1
| #define HAVE_UNISTD_H 1
| #define HAVE_ALLOCA_H 1
| #define HAVE_ALLOCA 1
| #define TRE_USE_ALLOCA 1
| #define TRE_REGEX_T_FIELD value
| #define HAVE_ISASCII 1
| #define HAVE_ISBLANK 1
| #define HAVE_GETOPT_H 1
| #define HAVE_GETOPT_LONG 1
| /* end confdefs.h.  */
| #include <CoreFoundation/CFLocale.h>
| int
| main ()
| {
| CFLocaleCopyCurrent();
|   ;
|   return 0;
| }
configure:9016: result: no
configure:9067: checking for GNU gettext in libc
configure:9097: gcc -o conftest -g -O2 -Wall   conftest.c  >&5
configure:9103: $? = 0
configure:9121: result: yes
configure:10005: checking whether to use NLS
configure:10007: result: yes
configure:10010: checking where the gettext function comes from
configure:10021: result: libc
configure:10159: checking for a sed that does not truncate output
configure:10215: result: /usr/bin/sed
configure:10229: checking for ld used by gcc
configure:10296: result: /usr/bin/ld
configure:10305: checking if the linker (/usr/bin/ld) is GNU ld
configure:10320: result: yes
configure:10325: checking for /usr/bin/ld option to reload object files
configure:10332: result: -r
configure:10350: checking for BSD-compatible nm
configure:10399: result: /usr/bin/nm -B
configure:10403: checking whether ln -s works
configure:10407: result: yes
configure:10414: checking how to recognize dependent libraries
configure:10600: result: pass_all
configure:10688: gcc -c -g -O2 -Wall  conftest.c >&5
configure:10691: $? = 0
configure:11144: checking dlfcn.h usability
configure:11161: gcc -c -g -O2 -Wall  conftest.c >&5
configure:11167: $? = 0
configure:11181: result: yes
configure:11185: checking dlfcn.h presence
configure:11200: gcc -E  conftest.c
configure:11206: $? = 0
configure:11220: result: yes
configure:11253: checking for dlfcn.h
configure:11261: result: yes
configure:11277: checking the maximum length of command line arguments
configure:11389: result: 1572864
configure:11401: checking command to parse /usr/bin/nm -B output from gcc object
configure:11506: gcc -c -g -O2 -Wall  conftest.c >&5
configure:11509: $? = 0
configure:11513: /usr/bin/nm -B conftest.o \| sed -n -e 's/^.*[ 	]\([ABCDGIRSTW][ABCDGIRSTW]*\)[ 	][ 	]*\([_A-Za-z][_A-Za-z0-9]*\)$/\1 \2 \2/p' \> conftest.nm
configure:11516: $? = 0
configure:11568: gcc -o conftest -g -O2 -Wall   conftest.c conftstm.o >&5
configure:11571: $? = 0
configure:11609: result: ok
configure:11613: checking for objdir
configure:11628: result: .libs
configure:11720: checking for ar
configure:11736: found /usr/bin/ar
configure:11747: result: ar
configure:11816: checking for ranlib
configure:11832: found /usr/bin/ranlib
configure:11843: result: ranlib
configure:11912: checking for strip
configure:11928: found /usr/bin/strip
configure:11939: result: strip
configure:12537: checking if gcc supports -fno-rtti -fno-exceptions
configure:12555: gcc -c -g -O2 -Wall  -fno-rtti -fno-exceptions conftest.c >&5
cc1: warning: command line option '-fno-rtti' is valid for C++/ObjC++ but not for C
configure:12559: $? = 0
configure:12572: result: no
configure:12587: checking for gcc option to produce PIC
configure:12819: result: -fPIC
configure:12827: checking if gcc PIC flag -fPIC works
configure:12845: gcc -c -g -O2 -Wall  -fPIC -DPIC conftest.c >&5
configure:12849: $? = 0
configure:12862: result: yes
configure:12890: checking if gcc static flag -static works
configure:12918: result: yes
configure:12928: checking if gcc supports -c -o file.o
configure:12949: gcc -c -g -O2 -Wall  -o out/conftest2.o conftest.c >&5
configure:12953: $? = 0
configure:12975: result: yes
configure:13001: checking whether the gcc linker (/usr/bin/ld -m elf_x86_64) supports shared libraries
configure:13982: result: yes
configure:14049: checking dynamic linker characteristics
configure:14663: result: GNU/Linux ld.so
configure:14687: checking how to hardcode library paths into programs
configure:14712: result: immediate
configure:14726: checking whether stripping libraries is possible
configure:14731: result: yes
configure:15533: checking if libtool supports shared libraries
configure:15535: result: yes
configure:15538: checking whether to build shared libraries
configure:15559: result: no
configure:15562: checking whether to build static libraries
configure:15566: result: yes
configure:15660: creating libtool
configure:16293: creating ./config.status

## ---------------------- ##
## Running config.status. ##
## ---------------------- ##

This file was extended by TRE config.status 0.8.0, which was
generated by GNU Autoconf 2.61.  Invocation command line was

  CONFIG_FILES    = 
  CONFIG_HEADERS  = 
  CONFIG_LINKS    = 
  CONFIG_COMMANDS = 
  $ ./config.status 

on macbox

config.status:710: creating Makefile
config.status:710: creating doc/Makefile
config.status:710: creating doc/agrep.1
config.status:710: creating lib/Makefile
config.status:710: creating m4/Makefile
config.status:710: creating po/Makefile.in
config.status:710: creating src/Makefile
config.status:710: creating tests/Makefile
config.status:710: creating tests/agrep/Makefile
config.status:710: creating tre.pc
config.status:710: creating tre.spec
config.status:710: creating utils/Makefile
config.status:710: creating config.h
config.status:710: creating lib/tre-config.h
config.status:1002: executing depfiles commands
config.status:1002: executing po-directories commands

## ---------------- ##
## Cache variables. ##
## ---------------- ##

ac_cv_build=x86_64-unknown-linux-gnu
ac_cv_c_compiler_gnu=yes
ac_cv_c_const=yes
ac_cv_c_inline=inline
ac_cv_env_CC_set=
ac_cv_env_CC_value=
ac_cv_env_CFLAGS_set=
ac_cv_env_CFLAGS_value=
ac_cv_env_CPPFLAGS_set=
ac_cv_env_CPPFLAGS_value=
ac_cv_env_CPP_set=
ac_cv_env_CPP_value=
ac_cv_env_LDFLAGS_set=
ac_cv_env_LDFLAGS_value=
ac_cv_env_LIBS_set=
ac_cv_env_LIBS_value=
ac_cv_env_build_alias_set=
ac_cv_env_build_alias_value=
ac_cv_env_host_alias_set=
ac_cv_env_host_alias_value=
ac_cv_env_target_alias_set=
ac_cv_env_target_alias_value=
ac_cv_func_alloca_works=yes
ac_cv_func_getopt_long=yes
ac_cv_func_isascii=yes
ac_cv_func_isblank=yes
ac_cv_header_dlfcn_h=yes
ac_cv_header_getopt_h=yes
ac_cv_header_inttypes_h=yes
ac_cv_header_memory_h=yes
ac_cv_header_stdc=yes
ac_cv_header_stdint_h=yes
ac_cv_header_stdlib_h=yes
ac_cv_header_string_h=yes
ac_cv_header_strings_h=yes
ac_cv_header_sys_stat_h=yes
ac_cv_header_sys_types_h=yes
ac_cv_header_unistd_h=yes
ac_cv_host=x86_64-unknown-linux-gnu
ac_cv_objext=o
ac_cv_path_EGREP='/usr/bin/grep -E'
ac_cv_path_GMSGFMT=/usr/bin/msgfmt
ac_cv_path_GREP=/usr/bin/grep
ac_cv_path_MSGFMT=/usr/bin/msgfmt
ac_cv_path_MSGMERGE=/usr/bin/msgmerge
ac_cv_path_XGETTEXT=/usr/bin/xgettext
ac_cv_path_install='/usr/bin/install -c'
ac_cv_path_mkdir=/usr/bin/mkdir
ac_cv_prog_AWK=gawk
ac_cv_prog_CPP='gcc -E'
ac_cv_prog_ac_ct_AR=ar
ac_cv_prog_ac_ct_CC=gcc
ac_cv_prog_ac_ct_RANLIB=ranlib
ac_cv_prog_ac_ct_STRIP=strip
ac_cv_prog_cc_c89=
ac_cv_prog_cc_g=yes
ac_cv_prog_cc_gcc_c_o=yes
ac_cv_prog_make_make_set=yes
ac_cv_sys_file_offset_bits=no
ac_cv_sys_largefile_CC=no
ac_cv_target=x86_64-unknown-linux-gnu
ac_cv_working_alloca_h=yes
acl_cv_hardcode_direct=no
acl_cv_hardcode_libdir_flag_spec='${wl}-rpath ${wl}$libdir'
acl_cv_hardcode_libdir_separator=
acl_cv_hardcode_minus_L=no
acl_cv_libext=a
acl_cv_libname_spec='lib$name'
acl_cv_library_names_spec='$libname$shrext'
acl_cv_path_LD=/usr/bin/ld
acl_cv_prog_gnu_ld=yes
acl_cv_rpath=done
acl_cv_shlibext=so
acl_cv_wl=-Wl,
am_cv_CC_dependencies_compiler_type=gcc3
gt_cv_func_CFLocaleCopyCurrent=no
gt_cv_func_CFPreferencesCopyAppValue=no
gt_cv_func_gnugettext1_libc=yes
lt_cv_deplibs_check_method=pass_all
lt_cv_file_magic_cmd='$MAGIC_CMD'
lt_cv_file_magic_test_file=
lt_cv_ld_reload_flag=-r
lt_cv_objdir=.libs
lt_cv_path_LD=/usr/bin/ld
lt_cv_path_NM='/usr/bin/nm -B'
lt_cv_path_SED=/usr/bin/sed
lt_cv_prog_compiler_c_o=yes
lt_cv_prog_compiler_pic_works=yes
lt_cv_prog_compiler_rtti_exceptions=no
lt_cv_prog_compiler_static_works=yes
lt_cv_prog_gnu_ld=yes
lt_cv_sys_global_symbol_pipe='sed -n -e '\''s/^.*[ 	]\([ABCDGIRSTW][ABCDGIRSTW]*\)[ 	][ 	]*\([_A-Za-z][_A-Za-z0-9]*\)$/\1 \2 \2/p'\'''
lt_cv_sys_global_symbol_to_c_name_address='sed -n -e '\''s/^: \([^ ]*\) $/  {\"\1\", (lt_ptr) 0},/p'\'' -e '\''s/^[BCDEGRST] \([^ ]*\) \([^ ]*\)$/  {"\2", (lt_ptr) \&\2},/p'\'''
lt_cv_sys_global_symbol_to_cdecl='sed -n -e '\''s/^. .* \(.*\)$/extern int \1;/p'\'''
lt_cv_sys_lib_dlsearch_path_spec='/lib /usr/lib /usr/lib/libfakeroot /usr/lib32 '
lt_cv_sys_lib_search_path_spec='/usr/lib/gcc/x86_64-unknown-linux-gnu/4.9.2 /usr/lib /lib'
lt_cv_sys_max_cmd_len=1572864
lt_lt_cv_prog_compiler_c_o='"yes"'
lt_lt_cv_sys_global_symbol_pipe='"sed -n -e '\''s/^.*[ 	]\\([ABCDGIRSTW][ABCDGIRSTW]*\\)[ 	][ 	]*\\([_A-Za-z][_A-Za-z0-9]*\\)\$/\\1 \\2 \\2/p'\''"'
lt_lt_cv_sys_global_symbol_to_c_name_address='"sed -n -e '\''s/^: \\([^ ]*\\) \$/  {\\\"\\1\\\", (lt_ptr) 0},/p'\'' -e '\''s/^[BCDEGRST] \\([^ ]*\\) \\([^ ]*\\)\$/  {\"\\2\", (lt_ptr) \\&\\2},/p'\''"'
lt_lt_cv_sys_global_symbol_to_cdecl='"sed -n -e '\''s/^. .* \\(.*\\)\$/extern int \\1;/p'\''"'
vl_cv_prog_cc_warnings=-Wall

## ----------------- ##
## Output variables. ##
## ----------------- ##

ACLOCAL='${SHELL} /home/cganas/work/ForAllSecure/live-challenges-2015/forensics/unreal/target/Unreal3.2.10.4/extras/tre-0.8.0/utils/missing --run aclocal-1.10'
ALLOCA=''
AMDEPBACKSLASH='\'
AMDEP_FALSE='#'
AMDEP_TRUE=''
AMTAR='${SHELL} /home/cganas/work/ForAllSecure/live-challenges-2015/forensics/unreal/target/Unreal3.2.10.4/extras/tre-0.8.0/utils/missing --run tar'
AR='ar'
AS='as'
AUTOCONF='${SHELL} /home/cganas/work/ForAllSecure/live-challenges-2015/forensics/unreal/target/Unreal3.2.10.4/extras/tre-0.8.0/utils/missing --run autoconf'
AUTOHEADER='${SHELL} /home/cganas/work/ForAllSecure/live-challenges-2015/forensics/unreal/target/Unreal3.2.10.4/extras/tre-0.8.0/utils/missing --run autoheader'
AUTOMAKE='${SHELL} /home/cganas/work/ForAllSecure/live-challenges-2015/forensics/unreal/target/Unreal3.2.10.4/extras/tre-0.8.0/utils/missing --run automake-1.10'
AWK='gawk'
CC='gcc'
CCDEPMODE='depmode=gcc3'
CFLAGS='-g -O2 -Wall'
CPP='gcc -E'
CPPFLAGS=''
CYGPATH_W='echo'
DEFS='-DHAVE_CONFIG_H'
DEPDIR='.deps'
DLLTOOL='dlltool'
DSYMUTIL=''
ECHO='echo'
ECHO_C=''
ECHO_N='-n'
ECHO_T=''
EGREP='/usr/bin/grep -E'
EXEEXT=''
GETTEXT_MACRO_VERSION='0.17'
GMSGFMT='/usr/bin/msgfmt'
GMSGFMT_015='/usr/bin/msgfmt'
GREP='/usr/bin/grep'
INSTALL_DATA='${INSTALL} -m 644'
INSTALL_PROGRAM='${INSTALL}'
INSTALL_SCRIPT='${INSTALL}'
INSTALL_STRIP_PROGRAM='$(install_sh) -c -s'
INTLLIBS=''
INTL_MACOSX_LIBS=''
LDFLAGS=''
LIBICONV='-liconv'
LIBINTL=''
LIBOBJS=''
LIBS=''
LIBTOOL='$(SHELL) $(top_builddir)/libtool'
LN_S='ln -s'
LTLIBICONV='-liconv'
LTLIBINTL=''
LTLIBOBJS=''
MAKEINFO='${SHELL} /home/cganas/work/ForAllSecure/live-challenges-2015/forensics/unreal/target/Unreal3.2.10.4/extras/tre-0.8.0/utils/missing --run makeinfo'
MSGFMT='/usr/bin/msgfmt'
MSGFMT_015='/usr/bin/msgfmt'
MSGMERGE='/usr/bin/msgmerge'
NMEDIT=''
OBJDUMP='objdump'
OBJEXT='o'
PACKAGE='tre'
PACKAGE_BUGREPORT='tre-general@lists.laurikari.net'
PACKAGE_NAME='TRE'
PACKAGE_STRING='TRE 0.8.0'
PACKAGE_TARNAME='tre'
PACKAGE_VERSION='0.8.0'
PATH_SEPARATOR=':'
POSUB='po'
RANLIB='ranlib'
SED='/usr/bin/sed'
SET_MAKE=''
SHELL='/bin/sh'
STRIP='strip'
TRE_AGREP_FALSE=''
TRE_AGREP_TRUE='#'
TRE_APPROX_FALSE='#'
TRE_APPROX_TRUE=''
TRE_DEBUG_FALSE=''
TRE_DEBUG_TRUE='#'
TRE_MULTIBYTE_FALSE=''
TRE_MULTIBYTE_TRUE='#'
TRE_PROFILE_FALSE=''
TRE_PROFILE_TRUE='#'
TRE_VERSION='0.8.0'
USE_NLS='yes'
VERSION='0.8.0'
XGETTEXT='/usr/bin/xgettext'
XGETTEXT_015='/usr/bin/xgettext'
XGETTEXT_EXTRA_OPTIONS=''
ac_ct_CC='gcc'
am__fastdepCC_FALSE='#'
am__fastdepCC_TRUE=''
am__include='include'
am__isrc=''
am__leading_dot='.'
am__quote=''
am__tar='${AMTAR} chof - "$$tardir"'
am__untar='${AMTAR} xf -'
bindir='${exec_prefix}/bin'
build='x86_64-unknown-linux-gnu'
build_alias=''
build_cpu='x86_64'
build_os='linux-gnu'
build_vendor='unknown'
datadir='${datarootdir}'
datarootdir='${prefix}/share'
docdir='${datarootdir}/doc/${PACKAGE_TARNAME}'
dvidir='${docdir}'
exec_prefix='${prefix}'
host='x86_64-unknown-linux-gnu'
host_alias=''
host_cpu='x86_64'
host_os='linux-gnu'
host_vendor='unknown'
htmldir='${docdir}'
includedir='${prefix}/include'
infodir='${datarootdir}/info'
install_sh='$(SHELL) /home/cganas/work/ForAllSecure/live-challenges-2015/forensics/unreal/target/Unreal3.2.10.4/extras/tre-0.8.0/utils/install-sh'
libdir='${exec_prefix}/lib'
libexecdir='${exec_prefix}/libexec'
localedir='${datarootdir}/locale'
localstatedir='${prefix}/var'
mandir='${datarootdir}/man'
mkdir_p='/usr/bin/mkdir -p'
oldincludedir='/usr/include'
pdfdir='${docdir}'
prefix='/home/cganas/work/ForAllSecure/live-challenges-2015/forensics/unreal/target/Unreal3.2.10.4/extras/regexp'
program_transform_name='s,x,x,'
psdir='${docdir}'
sbindir='${exec_prefix}/sbin'
sharedstatedir='${prefix}/com'
sysconfdir='${prefix}/etc'
target='x86_64-unknown-linux-gnu'
target_alias=''
target_cpu='x86_64'
target_os='linux-gnu'
target_vendor='unknown'

## ----------- ##
## confdefs.h. ##
## ----------- ##

#define PACKAGE_NAME "TRE"
#define PACKAGE_TARNAME "tre"
#define PACKAGE_VERSION "0.8.0"
#define PACKAGE_STRING "TRE 0.8.0"
#define PACKAGE_BUGREPORT "tre-general@lists.laurikari.net"
#define PACKAGE "tre"
#define VERSION "0.8.0"
#define TRE_VERSION "0.8.0"
#define TRE_VERSION_1 0
#define TRE_VERSION_2 8
#define TRE_VERSION_3 0
#define NDEBUG 1
#define TRE_APPROX 1
#define _GNU_SOURCE 1
#define STDC_HEADERS 1
#define HAVE_SYS_TYPES_H 1
#define HAVE_SYS_STAT_H 1
#define HAVE_STDLIB_H 1
#define HAVE_STRING_H 1
#define HAVE_MEMORY_H 1
#define HAVE_STRINGS_H 1
#define HAVE_INTTYPES_H 1
#define HAVE_STDINT_H 1
#define HAVE_UNISTD_H 1
#define HAVE_ALLOCA_H 1
#define HAVE_ALLOCA 1
#define TRE_USE_ALLOCA 1
#define TRE_REGEX_T_FIELD value
#define HAVE_ISASCII 1
#define HAVE_ISBLANK 1
#define HAVE_GETOPT_H 1
#define HAVE_GETOPT_LONG 1
#define ENABLE_NLS 1
#define HAVE_GETTEXT 1
#define HAVE_DCGETTEXT 1
#define HAVE_DLFCN_H 1

configure: exit 0
